# JRE version: OpenJDK Runtime Environment (8.0_152-b02) (build 1.8.0_152-release-1024-b02)
# Java VM: OpenJDK 64-Bit Server VM (25.152-b02 mixed mode windows-amd64 compressed oops)
Heap:
 PSYoungGen      total 273920K, used 92556K [0x00000000eab00000, 0x0000000100000000, 0x0000000100000000)
  eden space 197120K, 27% used [0x00000000eab00000,0x00000000edfb8e50,0x00000000f6b80000)
  from space 76800K, 50% used [0x00000000fb500000,0x00000000fdaaa238,0x0000000100000000)
  to   space 75264K, 0% used [0x00000000f6b80000,0x00000000f6b80000,0x00000000fb500000)
 ParOldGen       total 380416K, used 156928K [0x00000000c0000000, 0x00000000d7380000, 0x00000000eab00000)
  object space 380416K, 41% used [0x00000000c0000000,0x00000000c9940268,0x00000000d7380000)
 Metaspace       used 81376K, capacity 85132K, committed 85268K, reserved 1124352K
  class space    used 10459K, capacity 11283K, committed 11324K, reserved 1048576K
GC Heap History (10 events):
Event: 72.310 GC heap before
{Heap before GC invocations=18 (full 3):
 PSYoungGen      total 224768K, used 224742K [0x00000000eab00000, 0x00000000fdd80000, 0x0000000100000000)
  eden space 194048K, 100% used [0x00000000eab00000,0x00000000f6880000,0x00000000f6880000)
  from space 30720K, 99% used [0x00000000f9800000,0x00000000fb5f9b48,0x00000000fb600000)
  to   space 48640K, 0% used [0x00000000f6880000,0x00000000f6880000,0x00000000f9800000)
 ParOldGen       total 179200K, used 104263K [0x00000000c0000000, 0x00000000caf00000, 0x00000000eab00000)
  object space 179200K, 58% used [0x00000000c0000000,0x00000000c65d1c30,0x00000000caf00000)
 Metaspace       used 75657K, capacity 79028K, committed 79252K, reserved 1118208K
  class space    used 9898K, capacity 10673K, committed 10684K, reserved 1048576K
Event: 72.375 GC heap after
Heap after GC invocations=18 (full 3):
 PSYoungGen      total 242688K, used 48630K [0x00000000eab00000, 0x0000000100000000, 0x0000000100000000)
  eden space 194048K, 0% used [0x00000000eab00000,0x00000000eab00000,0x00000000f6880000)
  from space 48640K, 99% used [0x00000000f6880000,0x00000000f97fda30,0x00000000f9800000)
  to   space 76288K, 0% used [0x00000000fb580000,0x00000000fb580000,0x0000000100000000)
 ParOldGen       total 179200K, used 157237K [0x00000000c0000000, 0x00000000caf00000, 0x00000000eab00000)
  object space 179200K, 87% used [0x00000000c0000000,0x00000000c998d6f8,0x00000000caf00000)
 Metaspace       used 75657K, capacity 79028K, committed 79252K, reserved 1118208K
  class space    used 9898K, capacity 10673K, committed 10684K, reserved 1048576K
}
Event: 72.375 GC heap before
{Heap before GC invocations=19 (full 4):
 PSYoungGen      total 242688K, used 48630K [0x00000000eab00000, 0x0000000100000000, 0x0000000100000000)
  eden space 194048K, 0% used [0x00000000eab00000,0x00000000eab00000,0x00000000f6880000)
  from space 48640K, 99% used [0x00000000f6880000,0x00000000f97fda30,0x00000000f9800000)
  to   space 76288K, 0% used [0x00000000fb580000,0x00000000fb580000,0x0000000100000000)
 ParOldGen       total 179200K, used 157237K [0x00000000c0000000, 0x00000000caf00000, 0x00000000eab00000)
  object space 179200K, 87% used [0x00000000c0000000,0x00000000c998d6f8,0x00000000caf00000)
 Metaspace       used 75657K, capacity 79028K, committed 79252K, reserved 1118208K
  class space    used 9898K, capacity 10673K, committed 10684K, reserved 1048576K
Event: 72.905 GC heap after
Heap after GC invocations=19 (full 4):
 PSYoungGen      total 242688K, used 0K [0x00000000eab00000, 0x0000000100000000, 0x0000000100000000)
  eden space 194048K, 0% used [0x00000000eab00000,0x00000000eab00000,0x00000000f6880000)
  from space 48640K, 0% used [0x00000000f6880000,0x00000000f6880000,0x00000000f9800000)
  to   space 76288K, 0% used [0x00000000fb580000,0x00000000fb580000,0x0000000100000000)
 ParOldGen       total 380416K, used 156904K [0x00000000c0000000, 0x00000000d7380000, 0x00000000eab00000)
  object space 380416K, 41% used [0x00000000c0000000,0x00000000c993a268,0x00000000d7380000)
 Metaspace       used 75552K, capacity 78742K, committed 79252K, reserved 1118208K
  class space    used 9861K, capacity 10610K, committed 10684K, reserved 1048576K
}
Event: 75.179 GC heap before
{Heap before GC invocations=20 (full 4):
 PSYoungGen      total 242688K, used 194048K [0x00000000eab00000, 0x0000000100000000, 0x0000000100000000)
  eden space 194048K, 100% used [0x00000000eab00000,0x00000000f6880000,0x00000000f6880000)
  from space 48640K, 0% used [0x00000000f6880000,0x00000000f6880000,0x00000000f9800000)
  to   space 76288K, 0% used [0x00000000fb580000,0x00000000fb580000,0x0000000100000000)
 ParOldGen       total 380416K, used 156904K [0x00000000c0000000, 0x00000000d7380000, 0x00000000eab00000)
  object space 380416K, 41% used [0x00000000c0000000,0x00000000c993a268,0x00000000d7380000)
 Metaspace       used 76928K, capacity 80232K, committed 80404K, reserved 1118208K
  class space    used 10020K, capacity 10769K, committed 10812K, reserved 1048576K
Event: 75.195 GC heap after
Heap after GC invocations=20 (full 4):
 PSYoungGen      total 276992K, used 29614K [0x00000000eab00000, 0x0000000100000000, 0x0000000100000000)
  eden space 200704K, 0% used [0x00000000eab00000,0x00000000eab00000,0x00000000f6f00000)
  from space 76288K, 38% used [0x00000000fb580000,0x00000000fd26bb98,0x0000000100000000)
  to   space 72192K, 0% used [0x00000000f6f00000,0x00000000f6f00000,0x00000000fb580000)
 ParOldGen       total 380416K, used 156912K [0x00000000c0000000, 0x00000000d7380000, 0x00000000eab00000)
  object space 380416K, 41% used [0x00000000c0000000,0x00000000c993c268,0x00000000d7380000)
 Metaspace       used 76928K, capacity 80232K, committed 80404K, reserved 1118208K
  class space    used 10020K, capacity 10769K, committed 10812K, reserved 1048576K
}
Event: 76.128 GC heap before
{Heap before GC invocations=21 (full 4):
 PSYoungGen      total 276992K, used 229864K [0x00000000eab00000, 0x0000000100000000, 0x0000000100000000)
  eden space 200704K, 99% used [0x00000000eab00000,0x00000000f6e8e5e0,0x00000000f6f00000)
  from space 76288K, 38% used [0x00000000fb580000,0x00000000fd26bb98,0x0000000100000000)
  to   space 72192K, 0% used [0x00000000f6f00000,0x00000000f6f00000,0x00000000fb580000)
 ParOldGen       total 380416K, used 156912K [0x00000000c0000000, 0x00000000d7380000, 0x00000000eab00000)
  object space 380416K, 41% used [0x00000000c0000000,0x00000000c993c268,0x00000000d7380000)
 Metaspace       used 77245K, capacity 80564K, committed 80788K, reserved 1120256K
  class space    used 10073K, capacity 10831K, committed 10940K, reserved 1048576K
Event: 76.140 GC heap after
Heap after GC invocations=21 (full 4):
 PSYoungGen      total 253440K, used 52538K [0x00000000eab00000, 0x0000000100000000, 0x0000000100000000)
  eden space 200704K, 0% used [0x00000000eab00000,0x00000000eab00000,0x00000000f6f00000)
  from space 52736K, 99% used [0x00000000f6f00000,0x00000000fa24eab0,0x00000000fa280000)
  to   space 76800K, 0% used [0x00000000fb500000,0x00000000fb500000,0x0000000100000000)
 ParOldGen       total 380416K, used 156920K [0x00000000c0000000, 0x00000000d7380000, 0x00000000eab00000)
  object space 380416K, 41% used [0x00000000c0000000,0x00000000c993e268,0x00000000d7380000)
 Metaspace       used 77245K, capacity 80564K, committed 80788K, reserved 1120256K
  class space    used 10073K, capacity 10831K, committed 10940K, reserved 1048576K
}
Event: 90.014 GC heap before
{Heap before GC invocations=22 (full 4):
 PSYoungGen      total 253440K, used 253242K [0x00000000eab00000, 0x0000000100000000, 0x0000000100000000)
  eden space 200704K, 100% used [0x00000000eab00000,0x00000000f6f00000,0x00000000f6f00000)
  from space 52736K, 99% used [0x00000000f6f00000,0x00000000fa24eab0,0x00000000fa280000)
  to   space 76800K, 0% used [0x00000000fb500000,0x00000000fb500000,0x0000000100000000)
 ParOldGen       total 380416K, used 156920K [0x00000000c0000000, 0x00000000d7380000, 0x00000000eab00000)
  object space 380416K, 41% used [0x00000000c0000000,0x00000000c993e268,0x00000000d7380000)
 Metaspace       used 81128K, capacity 84758K, committed 85012K, reserved 1122304K
  class space    used 10437K, capacity 11242K, committed 11324K, reserved 1048576K
Event: 90.036 GC heap after
Heap after GC invocations=22 (full 4):
 PSYoungGen      total 273920K, used 38568K [0x00000000eab00000, 0x0000000100000000, 0x0000000100000000)
  eden space 197120K, 0% used [0x00000000eab00000,0x00000000eab00000,0x00000000f6b80000)
  from space 76800K, 50% used [0x00000000fb500000,0x00000000fdaaa238,0x0000000100000000)
  to   space 75264K, 0% used [0x00000000f6b80000,0x00000000f6b80000,0x00000000fb500000)
 ParOldGen       total 380416K, used 156928K [0x00000000c0000000, 0x00000000d7380000, 0x00000000eab00000)
  object space 380416K, 41% used [0x00000000c0000000,0x00000000c9940268,0x00000000d7380000)
 Metaspace       used 81128K, capacity 84758K, committed 85012K, reserved 1122304K
  class space    used 10437K, capacity 11242K, committed 11324K, reserved 1048576K
}

